\BOOKMARK [0][-]{chapter.1}{Introduction}{}% 1
\BOOKMARK [1][-]{section.1.1}{Motivation}{chapter.1}% 2
\BOOKMARK [1][-]{section.1.2}{Learning Environment}{chapter.1}% 3
\BOOKMARK [1][-]{section.1.3}{Learnign Objects.}{chapter.1}% 4
\BOOKMARK [1][-]{section.1.4}{Aim's.}{chapter.1}% 5
\BOOKMARK [1][-]{section.1.5}{Outline.}{chapter.1}% 6
\BOOKMARK [0][-]{chapter.2}{Art State}{}% 7
\BOOKMARK [0][-]{chapter.3}{Theory and Background}{}% 8
\BOOKMARK [1][-]{section.3.1}{Learning environment}{chapter.3}% 9
\BOOKMARK [1][-]{section.3.2}{Interactive learning environment}{chapter.3}% 10
\BOOKMARK [1][-]{section.3.3}{Intelligent Tutoring System}{chapter.3}% 11
\BOOKMARK [1][-]{section.3.4}{Intelligent learning environment}{chapter.3}% 12
\BOOKMARK [1][-]{section.3.5}{Fuzzy Logic}{chapter.3}% 13
\BOOKMARK [2][-]{subsection.3.5.1}{Fuzzy sets}{section.3.5}% 14
\BOOKMARK [2][-]{subsection.3.5.2}{Fuzzy logic controller}{section.3.5}% 15
\BOOKMARK [1][-]{section.3.6}{Learning object}{chapter.3}% 16
\BOOKMARK [1][-]{section.3.7}{NoSQL}{chapter.3}% 17
\BOOKMARK [2][-]{subsection.3.7.1}{Key-Value example}{section.3.7}% 18
\BOOKMARK [2][-]{subsection.3.7.2}{Advantages of NoSQL systems}{section.3.7}% 19
\BOOKMARK [2][-]{subsection.3.7.3}{Main differences with SQL databases}{section.3.7}% 20
\BOOKMARK [2][-]{subsection.3.7.4}{Types of NoSQL databases}{section.3.7}% 21
\BOOKMARK [2][-]{subsection.3.7.5}{Examples of NoSQL databases}{section.3.7}% 22
\BOOKMARK [1][-]{section.3.8}{Engagement}{chapter.3}% 23
\BOOKMARK [0][-]{chapter.4}{The Proposed Method}{}% 24
\BOOKMARK [1][-]{section.4.1}{Environment}{chapter.4}% 25
\BOOKMARK [1][-]{section.4.2}{ELO}{chapter.4}% 26
\BOOKMARK [1][-]{section.4.3}{Fuzzy simple sequencing}{chapter.4}% 27
\BOOKMARK [1][-]{section.4.4}{Devices}{chapter.4}% 28
\BOOKMARK [1][-]{section.4.5}{Master / User}{chapter.4}% 29
\BOOKMARK [0][-]{chapter.5}{Case of Study}{}% 30
\BOOKMARK [1][-]{section.5.1}{Experiments}{chapter.5}% 31
\BOOKMARK [1][-]{section.5.2}{Adaptive Learning Environment topic 1}{chapter.5}% 32
\BOOKMARK [2][-]{subsection.5.2.1}{Devices}{section.5.2}% 33
\BOOKMARK [2][-]{subsection.5.2.2}{Topic/Content}{section.5.2}% 34
\BOOKMARK [2][-]{subsection.5.2.3}{Users}{section.5.2}% 35
\BOOKMARK [2][-]{subsection.5.2.4}{Survey}{section.5.2}% 36
\BOOKMARK [1][-]{section.5.3}{Adaptive Learning Environment topic 2}{chapter.5}% 37
\BOOKMARK [2][-]{subsection.5.3.1}{Devices}{section.5.3}% 38
\BOOKMARK [2][-]{subsection.5.3.2}{Topic/Content}{section.5.3}% 39
\BOOKMARK [2][-]{subsection.5.3.3}{Users}{section.5.3}% 40
\BOOKMARK [2][-]{subsection.5.3.4}{Survey}{section.5.3}% 41
\BOOKMARK [1][-]{section.5.4}{Adaptive Learning Environment topic 3}{chapter.5}% 42
\BOOKMARK [2][-]{subsection.5.4.1}{Devices}{section.5.4}% 43
\BOOKMARK [2][-]{subsection.5.4.2}{Topic/Content}{section.5.4}% 44
\BOOKMARK [2][-]{subsection.5.4.3}{Users}{section.5.4}% 45
\BOOKMARK [2][-]{subsection.5.4.4}{Survey}{section.5.4}% 46
\BOOKMARK [1][-]{section.5.5}{Results}{chapter.5}% 47
\BOOKMARK [0][-]{chapter.6}{Environment Evaluation}{}% 48
\BOOKMARK [0][-]{chapter.7}{Conclutions}{}% 49
\BOOKMARK [0][-]{section*.28}{Bibliography}{}% 50
